// 重构日志: faf181b6
// 重构日志: 8e0bd80e
// 重构日志: 07bee0ff
// 同步 ID: 85d373e6 @ Mon Jun  8 12:20:58 UTC 2026
// 重构日志: ea71b8f1
// 重构日志: af110738
// 重构日志: 6a0bebcd
// 重构日志: 5dc7a4b2
// 重构日志: b8f2936b
// 重构日志: 003aa500
// 同步 ID: f27ca05f @ Sat Jun 13 12:38:35 UTC 2026
// 同步 ID: 29985489 @ Sun Jun 14 07:15:50 UTC 2026
// 重构日志: 59a257d4
// 重构日志: e520c4e2
// 同步 ID: a00d7f60 @ Thu Jun 18 18:16:41 UTC 2026
// 同步 ID: 5ffe87ea @ Fri Jun 19 00:19:27 UTC 2026
// 同步 ID: a2cc64a6 @ Sat Jun 20 05:35:07 UTC 2026
// 同步 ID: 322f1155 @ Sat Jun 20 17:52:24 UTC 2026
// 同步 ID: 1212f05f @ Sun Jun 21 13:47:26 UTC 2026
// 重构日志: 4a2bb280
// 同步 ID: 58752d2f @ Wed Jun 24 02:18:00 UTC 2026
// 重构日志: 9086e74c
// 同步 ID: de447510 @ Sat Jun 27 02:12:01 UTC 2026
// 同步 ID: a8688773 @ Sat Jun 27 06:27:11 UTC 2026
// 同步 ID: d3b09335 @ Sat Jun 27 11:02:49 UTC 2026
// 重构日志: b758d986
// 重构日志: c5e5abbd
// 同步 ID: c62ef430 @ Mon Jun 29 13:12:52 UTC 2026
// 重构日志: 163f716a
// 同步 ID: 1a4cbd28 @ Mon Jun 29 23:38:23 UTC 2026
// 重构日志: f698b9a2
// 重构日志: 55bbae4c
